{"level":"info","message":"🚀 Green CI Optimizer API server running on port 3001","timestamp":"2026-02-16T11:24:02.295Z"}
{"level":"info","message":"📊 Dashboard URL: http://localhost:3001","timestamp":"2026-02-16T11:24:02.297Z"}
{"level":"info","message":"📚 API Documentation: http://localhost:3001/","timestamp":"2026-02-16T11:24:02.298Z"}
{"level":"info","message":"🚀 Green CI Optimizer API server running on port 3001","timestamp":"2026-02-16T11:24:13.871Z"}
{"level":"info","message":"📊 Dashboard URL: http://localhost:3001","timestamp":"2026-02-16T11:24:13.873Z"}
{"level":"info","message":"📚 API Documentation: http://localhost:3001/","timestamp":"2026-02-16T11:24:13.873Z"}
{"ip":"::1","level":"info","message":"GET /api/health","timestamp":"2026-02-16T11:24:38.753Z","userAgent":"Mozilla/5.0 (Windows NT 10.0; Win64; x64) AppleWebKit/537.36 (KHTML, like Gecko) Chrome/144.0.0.0 Safari/537.36"}
{"ip":"::1","level":"info","message":"GET /favicon.ico","timestamp":"2026-02-16T11:24:39.468Z","userAgent":"Mozilla/5.0 (Windows NT 10.0; Win64; x64) AppleWebKit/537.36 (KHTML, like Gecko) Chrome/144.0.0.0 Safari/537.36"}
{"ip":"::1","level":"info","message":"GET /api/metrics","timestamp":"2026-02-16T11:24:54.797Z","userAgent":"Mozilla/5.0 (Windows NT 10.0; Win64; x64) AppleWebKit/537.36 (KHTML, like Gecko) Chrome/144.0.0.0 Safari/537.36"}
{"level":"warn","message":"Missing API key","path":"/metrics","timestamp":"2026-02-16T11:24:54.799Z"}
{"ip":"::1","level":"info","message":"GET /api/optimizations","timestamp":"2026-02-16T11:25:50.960Z","userAgent":"Mozilla/5.0 (Windows NT 10.0; Win64; x64) AppleWebKit/537.36 (KHTML, like Gecko) Chrome/144.0.0.0 Safari/537.36"}
{"level":"warn","message":"Missing API key","path":"/optimizations","timestamp":"2026-02-16T11:25:50.961Z"}
{"ip":"::1","level":"info","message":"GET /api/agents","timestamp":"2026-02-16T11:26:00.792Z","userAgent":"Mozilla/5.0 (Windows NT 10.0; Win64; x64) AppleWebKit/537.36 (KHTML, like Gecko) Chrome/144.0.0.0 Safari/537.36"}
{"level":"warn","message":"Missing API key","path":"/agents","timestamp":"2026-02-16T11:26:00.793Z"}
{"level":"info","message":"🚀 Green CI Optimizer API server running on port 3001","timestamp":"2026-02-16T11:31:10.865Z"}
{"level":"info","message":"📊 Dashboard URL: http://localhost:3001","timestamp":"2026-02-16T11:31:10.867Z"}
{"level":"info","message":"📚 API Documentation: http://localhost:3001/","timestamp":"2026-02-16T11:31:10.867Z"}
{"ip":"::1","level":"info","message":"GET /api/agents","timestamp":"2026-02-16T11:31:18.696Z","userAgent":"Mozilla/5.0 (Windows NT 10.0; Win64; x64) AppleWebKit/537.36 (KHTML, like Gecko) Chrome/144.0.0.0 Safari/537.36"}
{"level":"warn","message":"Missing API key","path":"/agents","timestamp":"2026-02-16T11:31:18.713Z"}
{"ip":"::1","level":"info","message":"GET /api/agents","timestamp":"2026-02-16T11:35:28.129Z","userAgent":"Mozilla/5.0 (Windows NT 10.0; Win64; x64) AppleWebKit/537.36 (KHTML, like Gecko) Chrome/144.0.0.0 Safari/537.36"}
{"level":"warn","message":"Missing API key","path":"/agents","timestamp":"2026-02-16T11:35:28.131Z"}
{"level":"info","message":"🚀 Green CI Optimizer API server running on port 3001","timestamp":"2026-02-16T11:50:57.909Z"}
{"level":"info","message":"📊 Dashboard URL: http://localhost:3001","timestamp":"2026-02-16T11:50:57.911Z"}
{"level":"info","message":"📚 API Documentation: http://localhost:3001/","timestamp":"2026-02-16T11:50:57.911Z"}
{"ip":"::1","level":"info","message":"GET /api/agents","timestamp":"2026-02-16T11:51:00.987Z","userAgent":"Mozilla/5.0 (Windows NT 10.0; Win64; x64) AppleWebKit/537.36 (KHTML, like Gecko) Chrome/144.0.0.0 Safari/537.36"}
{"level":"warn","message":"Missing API key","path":"/agents","timestamp":"2026-02-16T11:51:01.000Z"}
{"ip":"::1","level":"info","message":"GET /","timestamp":"2026-02-16T11:51:05.936Z","userAgent":"Mozilla/5.0 (Windows NT 10.0; Win64; x64) AppleWebKit/537.36 (KHTML, like Gecko) Chrome/144.0.0.0 Safari/537.36"}
{"level":"info","message":"🚀 Green CI Optimizer API server running on port 3001","timestamp":"2026-02-16T11:53:38.622Z"}
{"level":"info","message":"📊 Dashboard URL: http://localhost:3001","timestamp":"2026-02-16T11:53:38.624Z"}
{"level":"info","message":"📚 API Documentation: http://localhost:3001/","timestamp":"2026-02-16T11:53:38.625Z"}
{"ip":"::1","level":"info","message":"GET /api/health","timestamp":"2026-02-16T11:53:39.115Z","userAgent":"Mozilla/5.0 (Windows NT 10.0; Win64; x64) AppleWebKit/537.36 (KHTML, like Gecko) Chrome/144.0.0.0 Safari/537.36"}
{"ip":"::1","level":"info","message":"GET /","timestamp":"2026-02-16T11:54:00.538Z","userAgent":"Mozilla/5.0 (Windows NT 10.0; Win64; x64) AppleWebKit/537.36 (KHTML, like Gecko) Chrome/144.0.0.0 Safari/537.36"}
{"ip":"::1","level":"info","message":"GET /api/agents","timestamp":"2026-02-16T11:54:40.805Z","userAgent":"Mozilla/5.0 (Windows NT 10.0; Win64; x64) AppleWebKit/537.36 (KHTML, like Gecko) Chrome/144.0.0.0 Safari/537.36"}
{"level":"warn","message":"Missing API key","path":"/agents","timestamp":"2026-02-16T11:54:40.807Z"}
{"ip":"::1","level":"info","message":"GET /api/agents","timestamp":"2026-02-16T11:54:43.798Z","userAgent":"Mozilla/5.0 (Windows NT 10.0; Win64; x64) AppleWebKit/537.36 (KHTML, like Gecko) Chrome/144.0.0.0 Safari/537.36"}
{"level":"warn","message":"Missing API key","path":"/agents","timestamp":"2026-02-16T11:54:43.800Z"}
{"ip":"::1","level":"info","message":"GET /api/agents","timestamp":"2026-02-16T12:06:03.841Z","userAgent":"Mozilla/5.0 (Windows NT 10.0; Win64; x64) AppleWebKit/537.36 (KHTML, like Gecko) Chrome/144.0.0.0 Safari/537.36"}
{"level":"warn","message":"Missing API key","path":"/agents","timestamp":"2026-02-16T12:06:03.843Z"}
{"level":"info","message":"🚀 Green CI Optimizer API server running on port 3001","timestamp":"2026-02-16T12:12:59.651Z"}
{"level":"info","message":"📊 Dashboard URL: http://localhost:3001","timestamp":"2026-02-16T12:12:59.653Z"}
{"level":"info","message":"📚 API Documentation: http://localhost:3001/","timestamp":"2026-02-16T12:12:59.653Z"}
{"ip":"::1","level":"info","message":"GET /api/health","timestamp":"2026-02-16T12:13:18.166Z","userAgent":"Mozilla/5.0 (Windows NT 10.0; Win64; x64) AppleWebKit/537.36 (KHTML, like Gecko) Chrome/144.0.0.0 Safari/537.36"}
{"ip":"::ffff:127.0.0.1","level":"info","message":"GET /api/agents","timestamp":"2026-02-16T12:14:28.693Z","userAgent":"curl/8.14.1"}
{"ip":"::1","level":"info","message":"GET /api/agents","timestamp":"2026-02-16T12:15:03.563Z","userAgent":"Mozilla/5.0 (Windows NT 10.0; Win64; x64) AppleWebKit/537.36 (KHTML, like Gecko) Chrome/144.0.0.0 Safari/537.36"}
{"ip":"::1","level":"info","message":"GET /api/optimizations","timestamp":"2026-02-16T12:15:14.426Z","userAgent":"Mozilla/5.0 (Windows NT 10.0; Win64; x64) AppleWebKit/537.36 (KHTML, like Gecko) Chrome/144.0.0.0 Safari/537.36"}
{"level":"info","message":"🚀 Green CI Optimizer API server running on port 3001","timestamp":"2026-02-16T12:31:52.334Z"}
{"level":"info","message":"📊 Dashboard URL: http://localhost:3001","timestamp":"2026-02-16T12:31:52.340Z"}
{"level":"info","message":"📚 API Documentation: http://localhost:3001/","timestamp":"2026-02-16T12:31:52.341Z"}
{"level":"info","message":"🚀 Green CI Optimizer API server running on port 3001","timestamp":"2026-02-16T12:32:01.202Z"}
{"level":"info","message":"📊 Dashboard URL: http://localhost:3001","timestamp":"2026-02-16T12:32:01.207Z"}
{"level":"info","message":"📚 API Documentation: http://localhost:3001/","timestamp":"2026-02-16T12:32:01.208Z"}
{"level":"info","message":"🚀 Green CI Optimizer API server running on port 3001","timestamp":"2026-02-16T12:33:22.799Z"}
{"level":"info","message":"📊 Dashboard URL: http://localhost:3001","timestamp":"2026-02-16T12:33:22.801Z"}
{"level":"info","message":"📚 API Documentation: http://localhost:3001/","timestamp":"2026-02-16T12:33:22.801Z"}
{"level":"info","message":"🚀 Green CI Optimizer API server running on port 3001","timestamp":"2026-02-16T12:33:36.396Z"}
{"level":"info","message":"📊 Dashboard URL: http://localhost:3001","timestamp":"2026-02-16T12:33:36.398Z"}
{"level":"info","message":"📚 API Documentation: http://localhost:3001/","timestamp":"2026-02-16T12:33:36.398Z"}
{"level":"info","message":"🚀 Green CI Optimizer API server running on port 3001","timestamp":"2026-02-16T12:33:57.650Z"}
{"level":"info","message":"📊 Dashboard URL: http://localhost:3001","timestamp":"2026-02-16T12:33:57.656Z"}
{"level":"info","message":"📚 API Documentation: http://localhost:3001/","timestamp":"2026-02-16T12:33:57.656Z"}
{"level":"info","message":"🚀 Green CI Optimizer API server running on port 3001","timestamp":"2026-02-16T12:34:12.521Z"}
{"level":"info","message":"📊 Dashboard URL: http://localhost:3001","timestamp":"2026-02-16T12:34:12.523Z"}
{"level":"info","message":"📚 API Documentation: http://localhost:3001/","timestamp":"2026-02-16T12:34:12.523Z"}
{"level":"info","message":"🚀 Green CI Optimizer API server running on port 3001","timestamp":"2026-02-16T12:34:27.649Z"}
{"level":"info","message":"📊 Dashboard URL: http://localhost:3001","timestamp":"2026-02-16T12:34:27.652Z"}
{"level":"info","message":"📚 API Documentation: http://localhost:3001/","timestamp":"2026-02-16T12:34:27.653Z"}
{"level":"info","message":"🚀 Green CI Optimizer API server running on port 3001","timestamp":"2026-02-16T12:34:46.222Z"}
{"level":"info","message":"📊 Dashboard URL: http://localhost:3001","timestamp":"2026-02-16T12:34:46.226Z"}
{"level":"info","message":"📚 API Documentation: http://localhost:3001/","timestamp":"2026-02-16T12:34:46.226Z"}
{"level":"info","message":"🚀 Green CI Optimizer API server running on port 3001","timestamp":"2026-02-16T12:35:26.423Z"}
{"level":"info","message":"📊 Dashboard URL: http://localhost:3001","timestamp":"2026-02-16T12:35:26.425Z"}
{"level":"info","message":"📚 API Documentation: http://localhost:3001/","timestamp":"2026-02-16T12:35:26.426Z"}
{"level":"info","message":"🚀 Green CI Optimizer API server running on port 3001","timestamp":"2026-02-16T12:35:41.261Z"}
{"level":"info","message":"📊 Dashboard URL: http://localhost:3001","timestamp":"2026-02-16T12:35:41.263Z"}
{"level":"info","message":"📚 API Documentation: http://localhost:3001/","timestamp":"2026-02-16T12:35:41.264Z"}
{"level":"info","message":"🚀 Green CI Optimizer API server running on port 3001","timestamp":"2026-02-16T12:36:40.747Z"}
{"level":"info","message":"📊 Dashboard URL: http://localhost:3001","timestamp":"2026-02-16T12:36:40.752Z"}
{"level":"info","message":"📚 API Documentation: http://localhost:3001/","timestamp":"2026-02-16T12:36:40.753Z"}
{"level":"info","message":"🚀 Green CI Optimizer API server running on port 3001","timestamp":"2026-02-16T12:36:43.809Z"}
{"level":"info","message":"📊 Dashboard URL: http://localhost:3001","timestamp":"2026-02-16T12:36:43.811Z"}
{"level":"info","message":"📚 API Documentation: http://localhost:3001/","timestamp":"2026-02-16T12:36:43.811Z"}
{"level":"info","message":"🚀 Green CI Optimizer API server running on port 3001","timestamp":"2026-02-16T12:36:59.480Z"}
{"level":"info","message":"📊 Dashboard URL: http://localhost:3001","timestamp":"2026-02-16T12:36:59.483Z"}
{"level":"info","message":"📚 API Documentation: http://localhost:3001/","timestamp":"2026-02-16T12:36:59.483Z"}
{"level":"info","message":"🚀 Green CI Optimizer API server running on port 3001","timestamp":"2026-02-16T12:37:03.344Z"}
{"level":"info","message":"📊 Dashboard URL: http://localhost:3001","timestamp":"2026-02-16T12:37:03.347Z"}
{"level":"info","message":"📚 API Documentation: http://localhost:3001/","timestamp":"2026-02-16T12:37:03.349Z"}
{"level":"info","message":"🚀 Green CI Optimizer API server running on port 3001","timestamp":"2026-02-16T12:37:33.211Z"}
{"level":"info","message":"📊 Dashboard URL: http://localhost:3001","timestamp":"2026-02-16T12:37:33.214Z"}
{"level":"info","message":"📚 API Documentation: http://localhost:3001/","timestamp":"2026-02-16T12:37:33.214Z"}
{"level":"info","message":"🚀 Green CI Optimizer API server running on port 3001","timestamp":"2026-02-16T12:37:54.516Z"}
{"level":"info","message":"📊 Dashboard URL: http://localhost:3001","timestamp":"2026-02-16T12:37:54.518Z"}
{"level":"info","message":"📚 API Documentation: http://localhost:3001/","timestamp":"2026-02-16T12:37:54.518Z"}
{"level":"info","message":"🚀 Green CI Optimizer API server running on port 3001","timestamp":"2026-02-16T12:38:28.101Z"}
{"level":"info","message":"📊 Dashboard URL: http://localhost:3001","timestamp":"2026-02-16T12:38:28.103Z"}
{"level":"info","message":"📚 API Documentation: http://localhost:3001/","timestamp":"2026-02-16T12:38:28.103Z"}
{"level":"info","message":"🚀 Green CI Optimizer API server running on port 3001","timestamp":"2026-02-16T12:38:50.173Z"}
{"level":"info","message":"📊 Dashboard URL: http://localhost:3001","timestamp":"2026-02-16T12:38:50.175Z"}
{"level":"info","message":"📚 API Documentation: http://localhost:3001/","timestamp":"2026-02-16T12:38:50.175Z"}
{"level":"info","message":"🚀 Green CI Optimizer API server running on port 3001","timestamp":"2026-02-16T12:39:01.995Z"}
{"level":"info","message":"📊 Dashboard URL: http://localhost:3001","timestamp":"2026-02-16T12:39:01.998Z"}
{"level":"info","message":"📚 API Documentation: http://localhost:3001/","timestamp":"2026-02-16T12:39:01.998Z"}
{"level":"info","message":"🚀 Green CI Optimizer API server running on port 3001","timestamp":"2026-02-16T12:39:25.899Z"}
{"level":"info","message":"📊 Dashboard URL: http://localhost:3001","timestamp":"2026-02-16T12:39:25.901Z"}
{"level":"info","message":"📚 API Documentation: http://localhost:3001/","timestamp":"2026-02-16T12:39:25.901Z"}
{"level":"info","message":"🚀 Green CI Optimizer API server running on port 3001","timestamp":"2026-02-16T12:41:32.169Z"}
{"level":"info","message":"📊 Dashboard URL: http://localhost:3001","timestamp":"2026-02-16T12:41:32.170Z"}
{"level":"info","message":"📚 API Documentation: http://localhost:3001/","timestamp":"2026-02-16T12:41:32.170Z"}
{"level":"info","message":"Database connection established successfully","timestamp":"2026-02-16T12:41:32.176Z"}
{"level":"info","message":"Database synced","timestamp":"2026-02-16T12:41:32.246Z"}
{"level":"info","message":"🚀 Green CI Optimizer API server running on port 3001","timestamp":"2026-02-16T12:42:12.287Z"}
{"level":"info","message":"📊 Dashboard URL: http://localhost:3001","timestamp":"2026-02-16T12:42:12.288Z"}
{"level":"info","message":"📚 API Documentation: http://localhost:3001/","timestamp":"2026-02-16T12:42:12.288Z"}
{"level":"info","message":"Database connection established successfully","timestamp":"2026-02-16T12:42:12.293Z"}
{"level":"info","message":"Database synced","timestamp":"2026-02-16T12:42:13.449Z"}
{"level":"info","message":"🚀 Green CI Optimizer API server running on port 3001","timestamp":"2026-02-16T12:43:00.214Z"}
{"level":"info","message":"📊 Dashboard URL: http://localhost:3001","timestamp":"2026-02-16T12:43:00.217Z"}
{"level":"info","message":"📚 API Documentation: http://localhost:3001/","timestamp":"2026-02-16T12:43:00.217Z"}
{"level":"info","message":"Database connection established successfully","timestamp":"2026-02-16T12:43:00.222Z"}
{"level":"info","message":"Database synced","timestamp":"2026-02-16T12:43:01.341Z"}
{"level":"info","message":"🚀 Green CI Optimizer API server running on port 3001","timestamp":"2026-02-16T12:45:45.035Z"}
{"level":"info","message":"📊 Dashboard URL: http://localhost:3001","timestamp":"2026-02-16T12:45:45.039Z"}
{"level":"info","message":"📚 API Documentation: http://localhost:3001/","timestamp":"2026-02-16T12:45:45.039Z"}
{"level":"info","message":"Database connection established successfully","timestamp":"2026-02-16T12:45:45.044Z"}
{"level":"info","message":"Database synced","timestamp":"2026-02-16T12:45:45.900Z"}
{"level":"info","message":"🚀 Green CI Optimizer API server running on port 3001","timestamp":"2026-02-16T12:46:02.068Z"}
{"level":"info","message":"📊 Dashboard URL: http://localhost:3001","timestamp":"2026-02-16T12:46:02.071Z"}
{"level":"info","message":"📚 API Documentation: http://localhost:3001/","timestamp":"2026-02-16T12:46:02.072Z"}
{"level":"info","message":"Database connection established successfully","timestamp":"2026-02-16T12:46:02.077Z"}
{"level":"info","message":"Database synced","timestamp":"2026-02-16T12:46:03.299Z"}
{"level":"info","message":"🚀 Green CI Optimizer API server running on port 3001","timestamp":"2026-02-16T12:46:15.865Z"}
{"level":"info","message":"📊 Dashboard URL: http://localhost:3001","timestamp":"2026-02-16T12:46:15.867Z"}
{"level":"info","message":"📚 API Documentation: http://localhost:3001/","timestamp":"2026-02-16T12:46:15.867Z"}
{"level":"info","message":"Database connection established successfully","timestamp":"2026-02-16T12:46:15.872Z"}
{"level":"info","message":"Database synced","timestamp":"2026-02-16T12:46:16.975Z"}
{"level":"info","message":"Seeding database...","timestamp":"2026-02-16T12:47:02.029Z"}
{"level":"info","message":"Database connection established successfully","timestamp":"2026-02-16T12:47:02.049Z"}
{"level":"error","message":"Unable to connect to database: No description found for \"projects\" table. Check the table name and schema; remember, they _are_ case sensitive.","stack":"Error: No description found for \"projects\" table. Check the table name and schema; remember, they _are_ case sensitive.\n    at SQLiteQueryInterface.describeTable (C:\\Users\\Lehlogonolo\\Music\\Hackerthon\\green-ci-optimiser\\node_modules\\sequelize\\lib\\dialects\\sqlite\\query-interface.js:145:15)\n    at async SQLiteQueryInterface.changeColumn (C:\\Users\\Lehlogonolo\\Music\\Hackerthon\\green-ci-optimiser\\node_modules\\sequelize\\lib\\dialects\\sqlite\\query-interface.js:38:20)\n    at async Project.sync (C:\\Users\\Lehlogonolo\\Music\\Hackerthon\\green-ci-optimiser\\node_modules\\sequelize\\lib\\model.js:984:11)\n    at async Sequelize.sync (C:\\Users\\Lehlogonolo\\Music\\Hackerthon\\green-ci-optimiser\\node_modules\\sequelize\\lib\\sequelize.js:377:9)\n    at async testConnection (C:\\Users\\Lehlogonolo\\Music\\Hackerthon\\green-ci-optimiser\\src\\database\\models\\index.js:43:7)","timestamp":"2026-02-16T12:47:02.073Z"}
{"level":"info","message":"Database synced","timestamp":"2026-02-16T12:47:02.140Z"}
{"level":"info","message":"Created 3 projects","timestamp":"2026-02-16T12:47:02.149Z"}
{"level":"info","message":"Created 3 agents","timestamp":"2026-02-16T12:47:02.155Z"}
{"error":{"name":"SequelizeForeignKeyConstraintError","original":{"code":"SQLITE_CONSTRAINT","errno":19,"sql":"INSERT INTO `pipeline_metrics` (`id`,`project_id`,`pipeline_id`,`timestamp`,`duration`,`job_count`,`energy_kwh`,`co2_kg`,`eco_score`,`grade`,`metadata`,`created_at`,`updated_at`) VALUES ('f375ceb5-1f0d-4ec5-a5b2-028810ff8db5','frontend-web','pipeline-1771246022156','2026-02-16 12:47:02.156 +00:00',1120,13,'0.13619974084368985','0.07833688157537211',85,'C','{}','2026-02-16 12:47:02.157 +00:00','2026-02-16 12:47:02.157 +00:00'),('b421f2a3-ef7e-4bef-ae13-6362a4508420','backend-api','pipeline-1771159622156','2026-02-15 12:47:02.156 +00:00',447,9,'0.35971658091540437','0.17804154593832194',91,'A','{}','2026-02-16 12:47:02.157 +00:00','2026-02-16 12:47:02.157 +00:00'),('b830d0ce-f035-40c5-9b4e-b514cb1440fd','data-pipeline','pipeline-1771073222156','2026-02-14 12:47:02.156 +00:00',2096,6,'0.3673440365375873','0.08154747663645458',90,'F','{}','2026-02-16 12:47:02.157 +00:00','2026-02-16 12:47:02.157 +00:00'),('a561fb2e-2b5d-43f8-aec9-605658ffc2c6','frontend-web','pipeline-1770986822156','2026-02-13 12:47:02.156 +00:00',1861,23,'0.21997976092867377','0.15869858061032693',80,'A','{}','2026-02-16 12:47:02.157 +00:00','2026-02-16 12:47:02.157 +00:00'),('d8ca683f-8b6c-4be3-a833-9fe1b886f51c','backend-api','pipeline-1770900422156','2026-02-12 12:47:02.156 +00:00',1334,7,'0.30993943539445745','0.16090013708731551',96,'C','{}','2026-02-16 12:47:02.157 +00:00','2026-02-16 12:47:02.157 +00:00'),('c36bec34-166a-448d-a762-8ce079475aad','data-pipeline','pipeline-1770814022156','2026-02-11 12:47:02.156 +00:00',1560,12,'0.2481872380868633','0.16975744836738277',89,'C','{}','2026-02-16 12:47:02.157 +00:00','2026-02-16 12:47:02.157 +00:00'),('820f3983-3b5b-4efe-a7cc-5ea8429a070f','frontend-web','pipeline-1770727622156','2026-02-10 12:47:02.156 +00:00',361,12,'0.18286281103354102','0.18160519201694303',72,'D','{}','2026-02-16 12:47:02.157 +00:00','2026-02-16 12:47:02.157 +00:00'),('1bc11cfe-6fe7-4107-89e4-bc0eac216654','backend-api','pipeline-1770641222156','2026-02-09 12:47:02.156 +00:00',1470,6,'0.35821673812100707','0.07330136694163733',76,'C','{}','2026-02-16 12:47:02.157 +00:00','2026-02-16 12:47:02.157 +00:00'),('43f77968-5d49-4def-ab51-38c5d657c2ab','data-pipeline','pipeline-1770554822156','2026-02-08 12:47:02.156 +00:00',1170,18,'0.36901416050629277','0.1586077385869984',83,'C','{}','2026-02-16 12:47:02.157 +00:00','2026-02-16 12:47:02.157 +00:00'),('cd7e3463-47d1-4e74-b732-154f218d7631','frontend-web','pipeline-1770468422156','2026-02-07 12:47:02.156 +00:00',2205,21,'0.32798250572006105','0.19930430500733187',66,'D','{}','2026-02-16 12:47:02.157 +00:00','2026-02-16 12:47:02.157 +00:00'),('a82b5ef8-8b31-4d3b-8045-b6b63b824451','backend-api','pipeline-1770382022156','2026-02-06 12:47:02.156 +00:00',2198,18,'0.30929276647409876','0.13062896832487478',87,'A','{}','2026-02-16 12:47:02.157 +00:00','2026-02-16 12:47:02.157 +00:00'),('801bbff4-4b16-4994-a5b6-b5cbe19ca71d','data-pipeline','pipeline-1770295622156','2026-02-05 12:47:02.156 +00:00',1558,15,'0.35544396619528695','0.09344999941235016',75,'A','{}','2026-02-16 12:47:02.157 +00:00','2026-02-16 12:47:02.157 +00:00'),('4de5fa8c-0dfa-4838-a72a-58b15f539f71','frontend-web','pipeline-1770209222156','2026-02-04 12:47:02.156 +00:00',1854,9,'0.18314743226419103','0.09424674324697428',70,'C','{}','2026-02-16 12:47:02.157 +00:00','2026-02-16 12:47:02.157 +00:00'),('58617835-1114-482f-a22a-91fd1f6d7fa6','backend-api','pipeline-1770122822156','2026-02-03 12:47:02.156 +00:00',362,11,'0.313146134278498','0.10489714250969667',67,'A','{}','2026-02-16 12:47:02.157 +00:00','2026-02-16 12:47:02.157 +00:00'),('27279768-ed18-42f3-a59a-0a64f2753882','data-pipeline','pipeline-1770036422156','2026-02-02 12:47:02.156 +00:00',402,13,'0.33809560510008985','0.06274374165283376',99,'D','{}','2026-02-16 12:47:02.157 +00:00','2026-02-16 12:47:02.157 +00:00'),('6bd516aa-00f3-4c34-8eb0-b6605257b351','frontend-web','pipeline-1769950022156','2026-02-01 12:47:02.156 +00:00',439,20,'0.38237628236990395','0.1135386592690994',98,'A','{}','2026-02-16 12:47:02.157 +00:00','2026-02-16 12:47:02.157 +00:00'),('0644a33d-0ad9-447b-ae9b-af0d0596e224','backend-api','pipeline-1769863622157','2026-01-31 12:47:02.156 +00:00',1279,19,'0.2692495101473789','0.16137836414986295',87,'C','{}','2026-02-16 12:47:02.157 +00:00','2026-02-16 12:47:02.157 +00:00'),('a5e0d8a9-09b3-49b6-a49f-b9f7faa924d5','data-pipeline','pipeline-1769777222157','2026-01-30 12:47:02.156 +00:00',1999,17,'0.17070854676216146','0.18866279311830697',67,'A','{}','2026-02-16 12:47:02.157 +00:00','2026-02-16 12:47:02.157 +00:00'),('8e30c8be-d4c2-492e-ad9e-3b151336532b','frontend-web','pipeline-1769690822157','2026-01-29 12:47:02.156 +00:00',1783,16,'0.3621353961973013','0.06896855406540502',88,'F','{}','2026-02-16 12:47:02.157 +00:00','2026-02-16 12:47:02.157 +00:00'),('292230f0-29dc-40bb-8ecc-b28996bb286e','backend-api','pipeline-1769604422157','2026-01-28 12:47:02.156 +00:00',1846,21,'0.3925608363332641','0.1751915687959163',73,'C','{}','2026-02-16 12:47:02.157 +00:00','2026-02-16 12:47:02.157 +00:00'),('c6187de5-678b-45ea-9705-533480f7f96a','data-pipeline','pipeline-1769518022157','2026-01-27 12:47:02.156 +00:00',1167,6,'0.3347378044917677','0.15317661250182518',86,'F','{}','2026-02-16 12:47:02.157 +00:00','2026-02-16 12:47:02.157 +00:00'),('a2f42655-ef5b-4c9f-9376-f5eca85dfb1f','frontend-web','pipeline-1769431622157','2026-01-26 12:47:02.156 +00:00',1181,7,'0.15366952249320612','0.1607398575531205',77,'C','{}','2026-02-16 12:47:02.157 +00:00','2026-02-16 12:47:02.157 +00:00'),('2735daa3-1290-4b1b-ada5-fe80e2b74231','backend-api','pipeline-1769345222157','2026-01-25 12:47:02.156 +00:00',487,10,'0.23579173662518838','0.0868979703551701',82,'D','{}','2026-02-16 12:47:02.157 +00:00','2026-02-16 12:47:02.157 +00:00'),('19d89ef2-5d14-4bfb-8d1c-c10f228d5ab7','data-pipeline','pipeline-1769258822157','2026-01-24 12:47:02.156 +00:00',1600,9,'0.16178828393050418','0.07344086469682416',77,'F','{}','2026-02-16 12:47:02.157 +00:00','2026-02-16 12:47:02.157 +00:00'),('e3259277-1433-4995-a5a1-cad1aa21a2fd','frontend-web','pipeline-1769172422157','2026-01-23 12:47:02.156 +00:00',1625,22,'0.2540491274523845','0.061566766346138564',94,'A','{}','2026-02-16 12:47:02.157 +00:00','2026-02-16 12:47:02.157 +00:00'),('5110aff7-bed4-4c01-b265-2434e1300f45','backend-api','pipeline-1769086022157','2026-01-22 12:47:02.156 +00:00',2079,22,'0.3530619080245182','0.12293862051853635',90,'F','{}','2026-02-16 12:47:02.157 +00:00','2026-02-16 12:47:02.157 +00:00'),('36499e61-263e-49bd-8a2b-30f3f53b41a7','data-pipeline','pipeline-1768999622157','2026-01-21 12:47:02.156 +00:00',1534,18,'0.3936774880023667','0.1164698095553576',75,'A','{}','2026-02-16 12:47:02.157 +00:00','2026-02-16 12:47:02.157 +00:00'),('9b3708c3-d80e-4576-a007-1328d3abebec','frontend-web','pipeline-1768913222157','2026-01-20 12:47:02.156 +00:00',2151,17,'0.36580314693232785','0.05290161865172832',65,'B','{}','2026-02-16 12:47:02.157 +00:00','2026-02-16 12:47:02.157 +00:00'),('29cf0ae3-cb4b-4f96-9dcc-6be72e9fe464','backend-api','pipeline-1768826822157','2026-01-19 12:47:02.156 +00:00',1773,20,'0.11908214362749737','0.11394943695370671',81,'A','{}','2026-02-16 12:47:02.157 +00:00','2026-02-16 12:47:02.157 +00:00'),('170232e9-8221-400a-bd7a-955ea695239a','data-pipeline','pipeline-1768740422157','2026-01-18 12:47:02.156 +00:00',696,19,'0.14950619861585765','0.09401907078255375',72,'A','{}','2026-02-16 12:47:02.157 +00:00','2026-02-16 12:47:02.157 +00:00');"},"parameters":{},"parent":{"code":"SQLITE_CONSTRAINT","errno":19,"sql":"INSERT INTO `pipeline_metrics` (`id`,`project_id`,`pipeline_id`,`timestamp`,`duration`,`job_count`,`energy_kwh`,`co2_kg`,`eco_score`,`grade`,`metadata`,`created_at`,`updated_at`) VALUES ('f375ceb5-1f0d-4ec5-a5b2-028810ff8db5','frontend-web','pipeline-1771246022156','2026-02-16 12:47:02.156 +00:00',1120,13,'0.13619974084368985','0.07833688157537211',85,'C','{}','2026-02-16 12:47:02.157 +00:00','2026-02-16 12:47:02.157 +00:00'),('b421f2a3-ef7e-4bef-ae13-6362a4508420','backend-api','pipeline-1771159622156','2026-02-15 12:47:02.156 +00:00',447,9,'0.35971658091540437','0.17804154593832194',91,'A','{}','2026-02-16 12:47:02.157 +00:00','2026-02-16 12:47:02.157 +00:00'),('b830d0ce-f035-40c5-9b4e-b514cb1440fd','data-pipeline','pipeline-1771073222156','2026-02-14 12:47:02.156 +00:00',2096,6,'0.3673440365375873','0.08154747663645458',90,'F','{}','2026-02-16 12:47:02.157 +00:00','2026-02-16 12:47:02.157 +00:00'),('a561fb2e-2b5d-43f8-aec9-605658ffc2c6','frontend-web','pipeline-1770986822156','2026-02-13 12:47:02.156 +00:00',1861,23,'0.21997976092867377','0.15869858061032693',80,'A','{}','2026-02-16 12:47:02.157 +00:00','2026-02-16 12:47:02.157 +00:00'),('d8ca683f-8b6c-4be3-a833-9fe1b886f51c','backend-api','pipeline-1770900422156','2026-02-12 12:47:02.156 +00:00',1334,7,'0.30993943539445745','0.16090013708731551',96,'C','{}','2026-02-16 12:47:02.157 +00:00','2026-02-16 12:47:02.157 +00:00'),('c36bec34-166a-448d-a762-8ce079475aad','data-pipeline','pipeline-1770814022156','2026-02-11 12:47:02.156 +00:00',1560,12,'0.2481872380868633','0.16975744836738277',89,'C','{}','2026-02-16 12:47:02.157 +00:00','2026-02-16 12:47:02.157 +00:00'),('820f3983-3b5b-4efe-a7cc-5ea8429a070f','frontend-web','pipeline-1770727622156','2026-02-10 12:47:02.156 +00:00',361,12,'0.18286281103354102','0.18160519201694303',72,'D','{}','2026-02-16 12:47:02.157 +00:00','2026-02-16 12:47:02.157 +00:00'),('1bc11cfe-6fe7-4107-89e4-bc0eac216654','backend-api','pipeline-1770641222156','2026-02-09 12:47:02.156 +00:00',1470,6,'0.35821673812100707','0.07330136694163733',76,'C','{}','2026-02-16 12:47:02.157 +00:00','2026-02-16 12:47:02.157 +00:00'),('43f77968-5d49-4def-ab51-38c5d657c2ab','data-pipeline','pipeline-1770554822156','2026-02-08 12:47:02.156 +00:00',1170,18,'0.36901416050629277','0.1586077385869984',83,'C','{}','2026-02-16 12:47:02.157 +00:00','2026-02-16 12:47:02.157 +00:00'),('cd7e3463-47d1-4e74-b732-154f218d7631','frontend-web','pipeline-1770468422156','2026-02-07 12:47:02.156 +00:00',2205,21,'0.32798250572006105','0.19930430500733187',66,'D','{}','2026-02-16 12:47:02.157 +00:00','2026-02-16 12:47:02.157 +00:00'),('a82b5ef8-8b31-4d3b-8045-b6b63b824451','backend-api','pipeline-1770382022156','2026-02-06 12:47:02.156 +00:00',2198,18,'0.30929276647409876','0.13062896832487478',87,'A','{}','2026-02-16 12:47:02.157 +00:00','2026-02-16 12:47:02.157 +00:00'),('801bbff4-4b16-4994-a5b6-b5cbe19ca71d','data-pipeline','pipeline-1770295622156','2026-02-05 12:47:02.156 +00:00',1558,15,'0.35544396619528695','0.09344999941235016',75,'A','{}','2026-02-16 12:47:02.157 +00:00','2026-02-16 12:47:02.157 +00:00'),('4de5fa8c-0dfa-4838-a72a-58b15f539f71','frontend-web','pipeline-1770209222156','2026-02-04 12:47:02.156 +00:00',1854,9,'0.18314743226419103','0.09424674324697428',70,'C','{}','2026-02-16 12:47:02.157 +00:00','2026-02-16 12:47:02.157 +00:00'),('58617835-1114-482f-a22a-91fd1f6d7fa6','backend-api','pipeline-1770122822156','2026-02-03 12:47:02.156 +00:00',362,11,'0.313146134278498','0.10489714250969667',67,'A','{}','2026-02-16 12:47:02.157 +00:00','2026-02-16 12:47:02.157 +00:00'),('27279768-ed18-42f3-a59a-0a64f2753882','data-pipeline','pipeline-1770036422156','2026-02-02 12:47:02.156 +00:00',402,13,'0.33809560510008985','0.06274374165283376',99,'D','{}','2026-02-16 12:47:02.157 +00:00','2026-02-16 12:47:02.157 +00:00'),('6bd516aa-00f3-4c34-8eb0-b6605257b351','frontend-web','pipeline-1769950022156','2026-02-01 12:47:02.156 +00:00',439,20,'0.38237628236990395','0.1135386592690994',98,'A','{}','2026-02-16 12:47:02.157 +00:00','2026-02-16 12:47:02.157 +00:00'),('0644a33d-0ad9-447b-ae9b-af0d0596e224','backend-api','pipeline-1769863622157','2026-01-31 12:47:02.156 +00:00',1279,19,'0.2692495101473789','0.16137836414986295',87,'C','{}','2026-02-16 12:47:02.157 +00:00','2026-02-16 12:47:02.157 +00:00'),('a5e0d8a9-09b3-49b6-a49f-b9f7faa924d5','data-pipeline','pipeline-1769777222157','2026-01-30 12:47:02.156 +00:00',1999,17,'0.17070854676216146','0.18866279311830697',67,'A','{}','2026-02-16 12:47:02.157 +00:00','2026-02-16 12:47:02.157 +00:00'),('8e30c8be-d4c2-492e-ad9e-3b151336532b','frontend-web','pipeline-1769690822157','2026-01-29 12:47:02.156 +00:00',1783,16,'0.3621353961973013','0.06896855406540502',88,'F','{}','2026-02-16 12:47:02.157 +00:00','2026-02-16 12:47:02.157 +00:00'),('292230f0-29dc-40bb-8ecc-b28996bb286e','backend-api','pipeline-1769604422157','2026-01-28 12:47:02.156 +00:00',1846,21,'0.3925608363332641','0.1751915687959163',73,'C','{}','2026-02-16 12:47:02.157 +00:00','2026-02-16 12:47:02.157 +00:00'),('c6187de5-678b-45ea-9705-533480f7f96a','data-pipeline','pipeline-1769518022157','2026-01-27 12:47:02.156 +00:00',1167,6,'0.3347378044917677','0.15317661250182518',86,'F','{}','2026-02-16 12:47:02.157 +00:00','2026-02-16 12:47:02.157 +00:00'),('a2f42655-ef5b-4c9f-9376-f5eca85dfb1f','frontend-web','pipeline-1769431622157','2026-01-26 12:47:02.156 +00:00',1181,7,'0.15366952249320612','0.1607398575531205',77,'C','{}','2026-02-16 12:47:02.157 +00:00','2026-02-16 12:47:02.157 +00:00'),('2735daa3-1290-4b1b-ada5-fe80e2b74231','backend-api','pipeline-1769345222157','2026-01-25 12:47:02.156 +00:00',487,10,'0.23579173662518838','0.0868979703551701',82,'D','{}','2026-02-16 12:47:02.157 +00:00','2026-02-16 12:47:02.157 +00:00'),('19d89ef2-5d14-4bfb-8d1c-c10f228d5ab7','data-pipeline','pipeline-1769258822157','2026-01-24 12:47:02.156 +00:00',1600,9,'0.16178828393050418','0.07344086469682416',77,'F','{}','2026-02-16 12:47:02.157 +00:00','2026-02-16 12:47:02.157 +00:00'),('e3259277-1433-4995-a5a1-cad1aa21a2fd','frontend-web','pipeline-1769172422157','2026-01-23 12:47:02.156 +00:00',1625,22,'0.2540491274523845','0.061566766346138564',94,'A','{}','2026-02-16 12:47:02.157 +00:00','2026-02-16 12:47:02.157 +00:00'),('5110aff7-bed4-4c01-b265-2434e1300f45','backend-api','pipeline-1769086022157','2026-01-22 12:47:02.156 +00:00',2079,22,'0.3530619080245182','0.12293862051853635',90,'F','{}','2026-02-16 12:47:02.157 +00:00','2026-02-16 12:47:02.157 +00:00'),('36499e61-263e-49bd-8a2b-30f3f53b41a7','data-pipeline','pipeline-1768999622157','2026-01-21 12:47:02.156 +00:00',1534,18,'0.3936774880023667','0.1164698095553576',75,'A','{}','2026-02-16 12:47:02.157 +00:00','2026-02-16 12:47:02.157 +00:00'),('9b3708c3-d80e-4576-a007-1328d3abebec','frontend-web','pipeline-1768913222157','2026-01-20 12:47:02.156 +00:00',2151,17,'0.36580314693232785','0.05290161865172832',65,'B','{}','2026-02-16 12:47:02.157 +00:00','2026-02-16 12:47:02.157 +00:00'),('29cf0ae3-cb4b-4f96-9dcc-6be72e9fe464','backend-api','pipeline-1768826822157','2026-01-19 12:47:02.156 +00:00',1773,20,'0.11908214362749737','0.11394943695370671',81,'A','{}','2026-02-16 12:47:02.157 +00:00','2026-02-16 12:47:02.157 +00:00'),('170232e9-8221-400a-bd7a-955ea695239a','data-pipeline','pipeline-1768740422157','2026-01-18 12:47:02.156 +00:00',696,19,'0.14950619861585765','0.09401907078255375',72,'A','{}','2026-02-16 12:47:02.157 +00:00','2026-02-16 12:47:02.157 +00:00');"},"sql":"INSERT INTO `pipeline_metrics` (`id`,`project_id`,`pipeline_id`,`timestamp`,`duration`,`job_count`,`energy_kwh`,`co2_kg`,`eco_score`,`grade`,`metadata`,`created_at`,`updated_at`) VALUES ('f375ceb5-1f0d-4ec5-a5b2-028810ff8db5','frontend-web','pipeline-1771246022156','2026-02-16 12:47:02.156 +00:00',1120,13,'0.13619974084368985','0.07833688157537211',85,'C','{}','2026-02-16 12:47:02.157 +00:00','2026-02-16 12:47:02.157 +00:00'),('b421f2a3-ef7e-4bef-ae13-6362a4508420','backend-api','pipeline-1771159622156','2026-02-15 12:47:02.156 +00:00',447,9,'0.35971658091540437','0.17804154593832194',91,'A','{}','2026-02-16 12:47:02.157 +00:00','2026-02-16 12:47:02.157 +00:00'),('b830d0ce-f035-40c5-9b4e-b514cb1440fd','data-pipeline','pipeline-1771073222156','2026-02-14 12:47:02.156 +00:00',2096,6,'0.3673440365375873','0.08154747663645458',90,'F','{}','2026-02-16 12:47:02.157 +00:00','2026-02-16 12:47:02.157 +00:00'),('a561fb2e-2b5d-43f8-aec9-605658ffc2c6','frontend-web','pipeline-1770986822156','2026-02-13 12:47:02.156 +00:00',1861,23,'0.21997976092867377','0.15869858061032693',80,'A','{}','2026-02-16 12:47:02.157 +00:00','2026-02-16 12:47:02.157 +00:00'),('d8ca683f-8b6c-4be3-a833-9fe1b886f51c','backend-api','pipeline-1770900422156','2026-02-12 12:47:02.156 +00:00',1334,7,'0.30993943539445745','0.16090013708731551',96,'C','{}','2026-02-16 12:47:02.157 +00:00','2026-02-16 12:47:02.157 +00:00'),('c36bec34-166a-448d-a762-8ce079475aad','data-pipeline','pipeline-1770814022156','2026-02-11 12:47:02.156 +00:00',1560,12,'0.2481872380868633','0.16975744836738277',89,'C','{}','2026-02-16 12:47:02.157 +00:00','2026-02-16 12:47:02.157 +00:00'),('820f3983-3b5b-4efe-a7cc-5ea8429a070f','frontend-web','pipeline-1770727622156','2026-02-10 12:47:02.156 +00:00',361,12,'0.18286281103354102','0.18160519201694303',72,'D','{}','2026-02-16 12:47:02.157 +00:00','2026-02-16 12:47:02.157 +00:00'),('1bc11cfe-6fe7-4107-89e4-bc0eac216654','backend-api','pipeline-1770641222156','2026-02-09 12:47:02.156 +00:00',1470,6,'0.35821673812100707','0.07330136694163733',76,'C','{}','2026-02-16 12:47:02.157 +00:00','2026-02-16 12:47:02.157 +00:00'),('43f77968-5d49-4def-ab51-38c5d657c2ab','data-pipeline','pipeline-1770554822156','2026-02-08 12:47:02.156 +00:00',1170,18,'0.36901416050629277','0.1586077385869984',83,'C','{}','2026-02-16 12:47:02.157 +00:00','2026-02-16 12:47:02.157 +00:00'),('cd7e3463-47d1-4e74-b732-154f218d7631','frontend-web','pipeline-1770468422156','2026-02-07 12:47:02.156 +00:00',2205,21,'0.32798250572006105','0.19930430500733187',66,'D','{}','2026-02-16 12:47:02.157 +00:00','2026-02-16 12:47:02.157 +00:00'),('a82b5ef8-8b31-4d3b-8045-b6b63b824451','backend-api','pipeline-1770382022156','2026-02-06 12:47:02.156 +00:00',2198,18,'0.30929276647409876','0.13062896832487478',87,'A','{}','2026-02-16 12:47:02.157 +00:00','2026-02-16 12:47:02.157 +00:00'),('801bbff4-4b16-4994-a5b6-b5cbe19ca71d','data-pipeline','pipeline-1770295622156','2026-02-05 12:47:02.156 +00:00',1558,15,'0.35544396619528695','0.09344999941235016',75,'A','{}','2026-02-16 12:47:02.157 +00:00','2026-02-16 12:47:02.157 +00:00'),('4de5fa8c-0dfa-4838-a72a-58b15f539f71','frontend-web','pipeline-1770209222156','2026-02-04 12:47:02.156 +00:00',1854,9,'0.18314743226419103','0.09424674324697428',70,'C','{}','2026-02-16 12:47:02.157 +00:00','2026-02-16 12:47:02.157 +00:00'),('58617835-1114-482f-a22a-91fd1f6d7fa6','backend-api','pipeline-1770122822156','2026-02-03 12:47:02.156 +00:00',362,11,'0.313146134278498','0.10489714250969667',67,'A','{}','2026-02-16 12:47:02.157 +00:00','2026-02-16 12:47:02.157 +00:00'),('27279768-ed18-42f3-a59a-0a64f2753882','data-pipeline','pipeline-1770036422156','2026-02-02 12:47:02.156 +00:00',402,13,'0.33809560510008985','0.06274374165283376',99,'D','{}','2026-02-16 12:47:02.157 +00:00','2026-02-16 12:47:02.157 +00:00'),('6bd516aa-00f3-4c34-8eb0-b6605257b351','frontend-web','pipeline-1769950022156','2026-02-01 12:47:02.156 +00:00',439,20,'0.38237628236990395','0.1135386592690994',98,'A','{}','2026-02-16 12:47:02.157 +00:00','2026-02-16 12:47:02.157 +00:00'),('0644a33d-0ad9-447b-ae9b-af0d0596e224','backend-api','pipeline-1769863622157','2026-01-31 12:47:02.156 +00:00',1279,19,'0.2692495101473789','0.16137836414986295',87,'C','{}','2026-02-16 12:47:02.157 +00:00','2026-02-16 12:47:02.157 +00:00'),('a5e0d8a9-09b3-49b6-a49f-b9f7faa924d5','data-pipeline','pipeline-1769777222157','2026-01-30 12:47:02.156 +00:00',1999,17,'0.17070854676216146','0.18866279311830697',67,'A','{}','2026-02-16 12:47:02.157 +00:00','2026-02-16 12:47:02.157 +00:00'),('8e30c8be-d4c2-492e-ad9e-3b151336532b','frontend-web','pipeline-1769690822157','2026-01-29 12:47:02.156 +00:00',1783,16,'0.3621353961973013','0.06896855406540502',88,'F','{}','2026-02-16 12:47:02.157 +00:00','2026-02-16 12:47:02.157 +00:00'),('292230f0-29dc-40bb-8ecc-b28996bb286e','backend-api','pipeline-1769604422157','2026-01-28 12:47:02.156 +00:00',1846,21,'0.3925608363332641','0.1751915687959163',73,'C','{}','2026-02-16 12:47:02.157 +00:00','2026-02-16 12:47:02.157 +00:00'),('c6187de5-678b-45ea-9705-533480f7f96a','data-pipeline','pipeline-1769518022157','2026-01-27 12:47:02.156 +00:00',1167,6,'0.3347378044917677','0.15317661250182518',86,'F','{}','2026-02-16 12:47:02.157 +00:00','2026-02-16 12:47:02.157 +00:00'),('a2f42655-ef5b-4c9f-9376-f5eca85dfb1f','frontend-web','pipeline-1769431622157','2026-01-26 12:47:02.156 +00:00',1181,7,'0.15366952249320612','0.1607398575531205',77,'C','{}','2026-02-16 12:47:02.157 +00:00','2026-02-16 12:47:02.157 +00:00'),('2735daa3-1290-4b1b-ada5-fe80e2b74231','backend-api','pipeline-1769345222157','2026-01-25 12:47:02.156 +00:00',487,10,'0.23579173662518838','0.0868979703551701',82,'D','{}','2026-02-16 12:47:02.157 +00:00','2026-02-16 12:47:02.157 +00:00'),('19d89ef2-5d14-4bfb-8d1c-c10f228d5ab7','data-pipeline','pipeline-1769258822157','2026-01-24 12:47:02.156 +00:00',1600,9,'0.16178828393050418','0.07344086469682416',77,'F','{}','2026-02-16 12:47:02.157 +00:00','2026-02-16 12:47:02.157 +00:00'),('e3259277-1433-4995-a5a1-cad1aa21a2fd','frontend-web','pipeline-1769172422157','2026-01-23 12:47:02.156 +00:00',1625,22,'0.2540491274523845','0.061566766346138564',94,'A','{}','2026-02-16 12:47:02.157 +00:00','2026-02-16 12:47:02.157 +00:00'),('5110aff7-bed4-4c01-b265-2434e1300f45','backend-api','pipeline-1769086022157','2026-01-22 12:47:02.156 +00:00',2079,22,'0.3530619080245182','0.12293862051853635',90,'F','{}','2026-02-16 12:47:02.157 +00:00','2026-02-16 12:47:02.157 +00:00'),('36499e61-263e-49bd-8a2b-30f3f53b41a7','data-pipeline','pipeline-1768999622157','2026-01-21 12:47:02.156 +00:00',1534,18,'0.3936774880023667','0.1164698095553576',75,'A','{}','2026-02-16 12:47:02.157 +00:00','2026-02-16 12:47:02.157 +00:00'),('9b3708c3-d80e-4576-a007-1328d3abebec','frontend-web','pipeline-1768913222157','2026-01-20 12:47:02.156 +00:00',2151,17,'0.36580314693232785','0.05290161865172832',65,'B','{}','2026-02-16 12:47:02.157 +00:00','2026-02-16 12:47:02.157 +00:00'),('29cf0ae3-cb4b-4f96-9dcc-6be72e9fe464','backend-api','pipeline-1768826822157','2026-01-19 12:47:02.156 +00:00',1773,20,'0.11908214362749737','0.11394943695370671',81,'A','{}','2026-02-16 12:47:02.157 +00:00','2026-02-16 12:47:02.157 +00:00'),('170232e9-8221-400a-bd7a-955ea695239a','data-pipeline','pipeline-1768740422157','2026-01-18 12:47:02.156 +00:00',696,19,'0.14950619861585765','0.09401907078255375',72,'A','{}','2026-02-16 12:47:02.157 +00:00','2026-02-16 12:47:02.157 +00:00');"},"level":"error","message":"❌ Seeding failed","timestamp":"2026-02-16T12:47:02.166Z"}
{"level":"info","message":"🚀 Green CI Optimizer API server running on port 3001","timestamp":"2026-02-16T12:47:34.224Z"}
{"level":"info","message":"📊 Dashboard URL: http://localhost:3001","timestamp":"2026-02-16T12:47:34.226Z"}
{"level":"info","message":"📚 API Documentation: http://localhost:3001/","timestamp":"2026-02-16T12:47:34.226Z"}
{"level":"info","message":"Database connection established successfully","timestamp":"2026-02-16T12:47:34.231Z"}
{"level":"info","message":"Database synced","timestamp":"2026-02-16T12:47:35.540Z"}
{"ip":"::1","level":"info","message":"GET /api/metrics","timestamp":"2026-02-16T12:47:49.734Z","userAgent":"curl/8.14.1"}
{"ip":"::1","level":"info","message":"POST /api/optimizations","timestamp":"2026-02-16T12:48:12.304Z","userAgent":"curl/8.14.1"}
{"error":{"name":"SequelizeForeignKeyConstraintError","original":{"code":"SQLITE_CONSTRAINT","errno":19,"sql":"INSERT INTO `optimizations` (`id`,`title`,`description`,`project_id`,`type`,`impact`,`estimated_savings`,`status`,`metadata`,`created_at`,`updated_at`) VALUES ($1,$2,$3,$4,$5,$6,$7,$8,$9,$10,$11);"},"parameters":{},"parent":{"code":"SQLITE_CONSTRAINT","errno":19,"sql":"INSERT INTO `optimizations` (`id`,`title`,`description`,`project_id`,`type`,`impact`,`estimated_savings`,`status`,`metadata`,`created_at`,`updated_at`) VALUES ($1,$2,$3,$4,$5,$6,$7,$8,$9,$10,$11);"},"sql":"INSERT INTO `optimizations` (`id`,`title`,`description`,`project_id`,`type`,`impact`,`estimated_savings`,`status`,`metadata`,`created_at`,`updated_at`) VALUES ($1,$2,$3,$4,$5,$6,$7,$8,$9,$10,$11);"},"level":"error","message":"Error creating optimization","timestamp":"2026-02-16T12:48:12.311Z"}
{"error":{"name":"SequelizeForeignKeyConstraintError","original":{"code":"SQLITE_CONSTRAINT","errno":19,"sql":"INSERT INTO `optimizations` (`id`,`title`,`description`,`project_id`,`type`,`impact`,`estimated_savings`,`status`,`metadata`,`created_at`,`updated_at`) VALUES ($1,$2,$3,$4,$5,$6,$7,$8,$9,$10,$11);"},"parameters":{},"parent":{"code":"SQLITE_CONSTRAINT","errno":19,"sql":"INSERT INTO `optimizations` (`id`,`title`,`description`,`project_id`,`type`,`impact`,`estimated_savings`,`status`,`metadata`,`created_at`,`updated_at`) VALUES ($1,$2,$3,$4,$5,$6,$7,$8,$9,$10,$11);"},"sql":"INSERT INTO `optimizations` (`id`,`title`,`description`,`project_id`,`type`,`impact`,`estimated_savings`,`status`,`metadata`,`created_at`,`updated_at`) VALUES ($1,$2,$3,$4,$5,$6,$7,$8,$9,$10,$11);"},"level":"error","message":"Error creating optimization","timestamp":"2026-02-16T12:48:12.312Z"}
{"ip":"::1","level":"info","message":"GET /api/optimizations/stats/summary","timestamp":"2026-02-16T12:48:38.320Z","userAgent":"curl/8.14.1"}
{"ip":"::1","level":"info","message":"GET /api/optimizations","timestamp":"2026-02-16T12:48:58.161Z","userAgent":"Mozilla/5.0 (Windows NT 10.0; Win64; x64) AppleWebKit/537.36 (KHTML, like Gecko) Chrome/144.0.0.0 Safari/537.36"}
{"ip":"::1","level":"info","message":"GET /api/agents","timestamp":"2026-02-16T12:49:03.822Z","userAgent":"Mozilla/5.0 (Windows NT 10.0; Win64; x64) AppleWebKit/537.36 (KHTML, like Gecko) Chrome/144.0.0.0 Safari/537.36"}
{"ip":"::1","level":"info","message":"POST /api/optimizations","timestamp":"2026-02-16T12:55:26.708Z","userAgent":"curl/8.14.1"}
{"error":{"name":"SequelizeForeignKeyConstraintError","original":{"code":"SQLITE_CONSTRAINT","errno":19,"sql":"INSERT INTO `optimizations` (`id`,`title`,`description`,`project_id`,`type`,`impact`,`estimated_savings`,`status`,`metadata`,`created_at`,`updated_at`) VALUES ($1,$2,$3,$4,$5,$6,$7,$8,$9,$10,$11);"},"parameters":{},"parent":{"code":"SQLITE_CONSTRAINT","errno":19,"sql":"INSERT INTO `optimizations` (`id`,`title`,`description`,`project_id`,`type`,`impact`,`estimated_savings`,`status`,`metadata`,`created_at`,`updated_at`) VALUES ($1,$2,$3,$4,$5,$6,$7,$8,$9,$10,$11);"},"sql":"INSERT INTO `optimizations` (`id`,`title`,`description`,`project_id`,`type`,`impact`,`estimated_savings`,`status`,`metadata`,`created_at`,`updated_at`) VALUES ($1,$2,$3,$4,$5,$6,$7,$8,$9,$10,$11);"},"level":"error","message":"Error creating optimization","timestamp":"2026-02-16T12:55:26.714Z"}
{"error":{"name":"SequelizeForeignKeyConstraintError","original":{"code":"SQLITE_CONSTRAINT","errno":19,"sql":"INSERT INTO `optimizations` (`id`,`title`,`description`,`project_id`,`type`,`impact`,`estimated_savings`,`status`,`metadata`,`created_at`,`updated_at`) VALUES ($1,$2,$3,$4,$5,$6,$7,$8,$9,$10,$11);"},"parameters":{},"parent":{"code":"SQLITE_CONSTRAINT","errno":19,"sql":"INSERT INTO `optimizations` (`id`,`title`,`description`,`project_id`,`type`,`impact`,`estimated_savings`,`status`,`metadata`,`created_at`,`updated_at`) VALUES ($1,$2,$3,$4,$5,$6,$7,$8,$9,$10,$11);"},"sql":"INSERT INTO `optimizations` (`id`,`title`,`description`,`project_id`,`type`,`impact`,`estimated_savings`,`status`,`metadata`,`created_at`,`updated_at`) VALUES ($1,$2,$3,$4,$5,$6,$7,$8,$9,$10,$11);"},"level":"error","message":"Error creating optimization","timestamp":"2026-02-16T12:55:26.714Z"}
{"ip":"::1","level":"info","message":"GET /api/projects","timestamp":"2026-02-16T12:55:50.235Z","userAgent":"curl/8.14.1"}
{"level":"info","message":"🚀 Green CI Optimizer API server running on port 3001","timestamp":"2026-02-16T12:56:31.315Z"}
{"level":"info","message":"📊 Dashboard URL: http://localhost:3001","timestamp":"2026-02-16T12:56:31.318Z"}
{"level":"info","message":"📚 API Documentation: http://localhost:3001/","timestamp":"2026-02-16T12:56:31.318Z"}
{"level":"info","message":"Database connection established successfully","timestamp":"2026-02-16T12:56:31.326Z"}
{"level":"info","message":"Database synced","timestamp":"2026-02-16T12:56:32.353Z"}
{"level":"info","message":"🚀 Green CI Optimizer API server running on port 3001","timestamp":"2026-02-16T12:56:56.966Z"}
{"level":"info","message":"📊 Dashboard URL: http://localhost:3001","timestamp":"2026-02-16T12:56:56.968Z"}
{"level":"info","message":"📚 API Documentation: http://localhost:3001/","timestamp":"2026-02-16T12:56:56.969Z"}
{"level":"info","message":"Database connection established successfully","timestamp":"2026-02-16T12:56:56.974Z"}
{"level":"info","message":"Database synced","timestamp":"2026-02-16T12:56:58.090Z"}
{"level":"info","message":"🚀 Green CI Optimizer API server running on port 3001","timestamp":"2026-02-16T12:57:32.272Z"}
{"level":"info","message":"📊 Dashboard URL: http://localhost:3001","timestamp":"2026-02-16T12:57:32.274Z"}
{"level":"info","message":"📚 API Documentation: http://localhost:3001/","timestamp":"2026-02-16T12:57:32.275Z"}
{"level":"info","message":"Database connection established successfully","timestamp":"2026-02-16T12:57:32.281Z"}
{"level":"info","message":"Database synced","timestamp":"2026-02-16T12:57:33.567Z"}
{"level":"info","message":"🚀 Green CI Optimizer API server running on port 3001","timestamp":"2026-02-16T12:57:54.169Z"}
{"level":"info","message":"📊 Dashboard URL: http://localhost:3001","timestamp":"2026-02-16T12:57:54.171Z"}
{"level":"info","message":"📚 API Documentation: http://localhost:3001/","timestamp":"2026-02-16T12:57:54.171Z"}
{"level":"info","message":"Database connection established successfully","timestamp":"2026-02-16T12:57:54.176Z"}
{"level":"info","message":"🚀 Green CI Optimizer API server running on port 3001","timestamp":"2026-02-16T12:58:00.040Z"}
{"level":"info","message":"📊 Dashboard URL: http://localhost:3001","timestamp":"2026-02-16T12:58:00.042Z"}
{"level":"info","message":"📚 API Documentation: http://localhost:3001/","timestamp":"2026-02-16T12:58:00.043Z"}
{"level":"info","message":"Database connection established successfully","timestamp":"2026-02-16T12:58:00.049Z"}
{"level":"info","message":"Database synced","timestamp":"2026-02-16T12:58:01.384Z"}
{"level":"info","message":"🚀 Green CI Optimizer API server running on port 3001","timestamp":"2026-02-16T12:58:45.502Z"}
{"level":"info","message":"📊 Dashboard URL: http://localhost:3001","timestamp":"2026-02-16T12:58:45.504Z"}
{"level":"info","message":"📚 API Documentation: http://localhost:3001/","timestamp":"2026-02-16T12:58:45.504Z"}
{"level":"info","message":"Database connection established successfully","timestamp":"2026-02-16T12:58:45.509Z"}
{"level":"info","message":"Database synced","timestamp":"2026-02-16T12:58:46.848Z"}
{"ip":"::1","level":"info","message":"GET /api/projects","timestamp":"2026-02-16T12:58:59.299Z","userAgent":"curl/8.14.1"}
{"ip":"::1","level":"info","message":"POST /api/projects","timestamp":"2026-02-16T12:59:29.656Z","userAgent":"curl/8.14.1"}
{"ip":"::1","level":"info","message":"POST /api/optimizations","timestamp":"2026-02-16T12:59:41.928Z","userAgent":"curl/8.14.1"}
{"data":{"description":"Test","estimatedSavings":0.01,"impact":"medium","projectId":"frontend-web","title":"Test Optimization"},"error":{"name":"SequelizeForeignKeyConstraintError","original":{"code":"SQLITE_CONSTRAINT","errno":19,"sql":"INSERT INTO `optimizations` (`id`,`title`,`description`,`project_id`,`type`,`impact`,`estimated_savings`,`status`,`metadata`,`created_at`,`updated_at`) VALUES ($1,$2,$3,$4,$5,$6,$7,$8,$9,$10,$11);"},"parameters":{},"parent":{"code":"SQLITE_CONSTRAINT","errno":19,"sql":"INSERT INTO `optimizations` (`id`,`title`,`description`,`project_id`,`type`,`impact`,`estimated_savings`,`status`,`metadata`,`created_at`,`updated_at`) VALUES ($1,$2,$3,$4,$5,$6,$7,$8,$9,$10,$11);"},"sql":"INSERT INTO `optimizations` (`id`,`title`,`description`,`project_id`,`type`,`impact`,`estimated_savings`,`status`,`metadata`,`created_at`,`updated_at`) VALUES ($1,$2,$3,$4,$5,$6,$7,$8,$9,$10,$11);"},"level":"error","message":"Error creating optimization","timestamp":"2026-02-16T12:59:41.936Z"}
{"error":{"name":"SequelizeForeignKeyConstraintError","original":{"code":"SQLITE_CONSTRAINT","errno":19,"sql":"INSERT INTO `optimizations` (`id`,`title`,`description`,`project_id`,`type`,`impact`,`estimated_savings`,`status`,`metadata`,`created_at`,`updated_at`) VALUES ($1,$2,$3,$4,$5,$6,$7,$8,$9,$10,$11);"},"parameters":{},"parent":{"code":"SQLITE_CONSTRAINT","errno":19,"sql":"INSERT INTO `optimizations` (`id`,`title`,`description`,`project_id`,`type`,`impact`,`estimated_savings`,`status`,`metadata`,`created_at`,`updated_at`) VALUES ($1,$2,$3,$4,$5,$6,$7,$8,$9,$10,$11);"},"sql":"INSERT INTO `optimizations` (`id`,`title`,`description`,`project_id`,`type`,`impact`,`estimated_savings`,`status`,`metadata`,`created_at`,`updated_at`) VALUES ($1,$2,$3,$4,$5,$6,$7,$8,$9,$10,$11);"},"level":"error","message":"Error creating optimization","timestamp":"2026-02-16T12:59:41.936Z"}
{"ip":"::1","level":"info","message":"GET /api/optimizations","timestamp":"2026-02-16T12:59:55.898Z","userAgent":"curl/8.14.1"}
{"level":"info","message":"🚀 Green CI Optimizer API server running on port 3001","timestamp":"2026-02-16T13:00:33.357Z"}
{"level":"info","message":"📊 Dashboard URL: http://localhost:3001","timestamp":"2026-02-16T13:00:33.359Z"}
{"level":"info","message":"📚 API Documentation: http://localhost:3001/","timestamp":"2026-02-16T13:00:33.360Z"}
{"level":"info","message":"Database connection established successfully","timestamp":"2026-02-16T13:00:33.369Z"}
{"level":"info","message":"Database synced","timestamp":"2026-02-16T13:00:34.656Z"}
{"level":"info","message":"🚀 Green CI Optimizer API server running on port 3001","timestamp":"2026-02-16T13:00:51.948Z"}
{"level":"info","message":"📊 Dashboard URL: http://localhost:3001","timestamp":"2026-02-16T13:00:51.951Z"}
{"level":"info","message":"📚 API Documentation: http://localhost:3001/","timestamp":"2026-02-16T13:00:51.951Z"}
{"level":"info","message":"Database connection established successfully","timestamp":"2026-02-16T13:00:51.957Z"}
{"level":"info","message":"Database synced","timestamp":"2026-02-16T13:00:53.366Z"}
{"level":"info","message":"Database connection established successfully","timestamp":"2026-02-16T13:01:03.216Z"}
{"level":"info","message":"Project already exists: frontend-web","timestamp":"2026-02-16T13:01:03.230Z"}
{"level":"info","message":"Project already exists: backend-api","timestamp":"2026-02-16T13:01:03.258Z"}
{"level":"info","message":"Project already exists: data-pipeline","timestamp":"2026-02-16T13:01:03.274Z"}
{"error":{"name":"SequelizeTimeoutError","original":{"code":"SQLITE_BUSY","errno":5,"sql":"INSERT INTO `projects` (`id`,`gitlab_project_id`,`name`,`settings`,`created_at`,`updated_at`) VALUES ($1,$2,$3,$4,$5,$6);"},"parameters":{},"parent":{"code":"SQLITE_BUSY","errno":5,"sql":"INSERT INTO `projects` (`id`,`gitlab_project_id`,`name`,`settings`,`created_at`,`updated_at`) VALUES ($1,$2,$3,$4,$5,$6);"},"sql":"INSERT INTO `projects` (`id`,`gitlab_project_id`,`name`,`settings`,`created_at`,`updated_at`) VALUES ($1,$2,$3,$4,$5,$6);"},"level":"error","message":"Error creating project mobile-app","timestamp":"2026-02-16T13:01:03.871Z"}
{"level":"info","message":"Created project: auth-service","timestamp":"2026-02-16T13:01:03.918Z"}
{"level":"info","message":"🚀 Green CI Optimizer API server running on port 3001","timestamp":"2026-02-16T13:01:26.673Z"}
{"level":"info","message":"📊 Dashboard URL: http://localhost:3001","timestamp":"2026-02-16T13:01:26.675Z"}
{"level":"info","message":"📚 API Documentation: http://localhost:3001/","timestamp":"2026-02-16T13:01:26.676Z"}
{"level":"info","message":"Database connection established successfully","timestamp":"2026-02-16T13:01:26.680Z"}
{"level":"info","message":"Database synced","timestamp":"2026-02-16T13:01:27.920Z"}
{"level":"info","message":"🚀 Green CI Optimizer API server running on port 3001","timestamp":"2026-02-16T13:01:51.060Z"}
{"level":"info","message":"📊 Dashboard URL: http://localhost:3001","timestamp":"2026-02-16T13:01:51.062Z"}
{"level":"info","message":"📚 API Documentation: http://localhost:3001/","timestamp":"2026-02-16T13:01:51.062Z"}
{"level":"info","message":"Database connection established successfully","timestamp":"2026-02-16T13:01:51.066Z"}
{"level":"info","message":"Database synced","timestamp":"2026-02-16T13:01:52.365Z"}
{"ip":"::1","level":"info","message":"POST /api/optimizations","timestamp":"2026-02-16T13:02:38.276Z","userAgent":"curl/8.14.1"}
{"data":{"description":"This is a test optimization created after database fix","estimatedSavings":0.015,"impact":"medium","projectId":"frontend-web","title":"Test Optimization"},"error":{"name":"SequelizeForeignKeyConstraintError","original":{"code":"SQLITE_CONSTRAINT","errno":19,"sql":"INSERT INTO `optimizations` (`id`,`title`,`description`,`project_id`,`type`,`impact`,`estimated_savings`,`status`,`metadata`,`created_at`,`updated_at`) VALUES ($1,$2,$3,$4,$5,$6,$7,$8,$9,$10,$11);"},"parameters":{},"parent":{"code":"SQLITE_CONSTRAINT","errno":19,"sql":"INSERT INTO `optimizations` (`id`,`title`,`description`,`project_id`,`type`,`impact`,`estimated_savings`,`status`,`metadata`,`created_at`,`updated_at`) VALUES ($1,$2,$3,$4,$5,$6,$7,$8,$9,$10,$11);"},"sql":"INSERT INTO `optimizations` (`id`,`title`,`description`,`project_id`,`type`,`impact`,`estimated_savings`,`status`,`metadata`,`created_at`,`updated_at`) VALUES ($1,$2,$3,$4,$5,$6,$7,$8,$9,$10,$11);"},"level":"error","message":"Error creating optimization","timestamp":"2026-02-16T13:02:38.292Z"}
{"error":{"name":"SequelizeForeignKeyConstraintError","original":{"code":"SQLITE_CONSTRAINT","errno":19,"sql":"INSERT INTO `optimizations` (`id`,`title`,`description`,`project_id`,`type`,`impact`,`estimated_savings`,`status`,`metadata`,`created_at`,`updated_at`) VALUES ($1,$2,$3,$4,$5,$6,$7,$8,$9,$10,$11);"},"parameters":{},"parent":{"code":"SQLITE_CONSTRAINT","errno":19,"sql":"INSERT INTO `optimizations` (`id`,`title`,`description`,`project_id`,`type`,`impact`,`estimated_savings`,`status`,`metadata`,`created_at`,`updated_at`) VALUES ($1,$2,$3,$4,$5,$6,$7,$8,$9,$10,$11);"},"sql":"INSERT INTO `optimizations` (`id`,`title`,`description`,`project_id`,`type`,`impact`,`estimated_savings`,`status`,`metadata`,`created_at`,`updated_at`) VALUES ($1,$2,$3,$4,$5,$6,$7,$8,$9,$10,$11);"},"level":"error","message":"Error creating optimization","timestamp":"2026-02-16T13:02:38.293Z"}
{"ip":"::1","level":"info","message":"GET /api/optimizations","timestamp":"2026-02-16T13:02:43.064Z","userAgent":"Mozilla/5.0 (Windows NT 10.0; Win64; x64) AppleWebKit/537.36 (KHTML, like Gecko) Chrome/144.0.0.0 Safari/537.36"}
{"ip":"::1","level":"info","message":"GET /api/optimizations","timestamp":"2026-02-16T13:03:34.535Z","userAgent":"Mozilla/5.0 (Windows NT 10.0; Win64; x64) AppleWebKit/537.36 (KHTML, like Gecko) Chrome/144.0.0.0 Safari/537.36"}
{"ip":"::1","level":"info","message":"GET /api/projects","timestamp":"2026-02-16T13:04:46.255Z","userAgent":"curl/8.14.1"}
{"level":"info","message":"🚀 Green CI Optimizer API server running on port 3001","timestamp":"2026-02-16T13:05:57.416Z"}
{"level":"info","message":"📊 Dashboard URL: http://localhost:3001","timestamp":"2026-02-16T13:05:57.418Z"}
{"level":"info","message":"📚 API Documentation: http://localhost:3001/","timestamp":"2026-02-16T13:05:57.418Z"}
{"level":"info","message":"Database connection established successfully","timestamp":"2026-02-16T13:05:57.423Z"}
{"level":"info","message":"Database synced","timestamp":"2026-02-16T13:05:58.714Z"}
